Using pre-set license
Built from '2020.2/release' branch; Version is '2020.2.1f1 (270dd8c3da1c) revision 2559448'; Using compiler version '192528614'; Build Type 'Release'
OS: 'Windows 10  (10.0.0) 64bit' Language: 'en' Physical Memory: 20274 MB
BatchMode: 1, IsHumanControllingUs: 0, StartBugReporterOnCrash: 0, Is64bit: 1, IsPro: 0

 COMMAND LINE ARGUMENTS:
C:\Program Files\Unity\Hub\Editor\2020.2.1f1\Editor\Unity.exe
-adb2
-batchMode
-noUpm
-name
AssetImportWorker0
-projectPath
C:/Users/dcars/Documents/Unity Projects/Civ_Clone/Civ_clone
-logFile
Logs/AssetImportWorker0.log
-srvPort
55888
Successfully changed project path to: C:/Users/dcars/Documents/Unity Projects/Civ_Clone/Civ_clone
C:/Users/dcars/Documents/Unity Projects/Civ_Clone/Civ_clone
Using Asset Import Pipeline V2.
Refreshing native plugins compatible for Editor in 24.54 ms, found 0 plugins.
Preloading 0 native plugins for Editor in 0.00 ms.
Initialize engine version: 2020.2.1f1 (270dd8c3da1c)
[Subsystems] Discovering subsystems at path C:/Program Files/Unity/Hub/Editor/2020.2.1f1/Editor/Data/Resources/UnitySubsystems
[Subsystems] Discovering subsystems at path C:/Users/dcars/Documents/Unity Projects/Civ_Clone/Civ_clone/Assets
GfxDevice: creating device client; threaded=0
Direct3D:
    Version:  Direct3D 11.0 [level 11.1]
    Renderer: NVIDIA GeForce GTX 1060 with Max-Q Design (ID=0x1c20)
    Vendor:   
    VRAM:     6052 MB
    Driver:   26.21.14.4219
Initialize mono
Mono path[0] = 'C:/Program Files/Unity/Hub/Editor/2020.2.1f1/Editor/Data/Managed'
Mono path[1] = 'C:/Program Files/Unity/Hub/Editor/2020.2.1f1/Editor/Data/MonoBleedingEdge/lib/mono/unityjit'
Mono config path = 'C:/Program Files/Unity/Hub/Editor/2020.2.1f1/Editor/Data/MonoBleedingEdge/etc'
Using monoOptions --debugger-agent=transport=dt_socket,embedding=1,server=y,suspend=n,address=127.0.0.1:56468
Begin MonoManager ReloadAssembly
Registering precompiled unity dll's ...
Register platform support module: C:/Program Files/Unity/Hub/Editor/2020.2.1f1/Editor/Data/PlaybackEngines/WebGLSupport/UnityEditor.WebGL.Extensions.dll
Register platform support module: C:/Program Files/Unity/Hub/Editor/2020.2.1f1/Editor/Data/PlaybackEngines/WindowsStandaloneSupport/UnityEditor.WindowsStandalone.Extensions.dll
Registered in 0.002023 seconds.
Native extension for WindowsStandalone target not found
Native extension for WebGL target not found
Refreshing native plugins compatible for Editor in 22.50 ms, found 0 plugins.
Preloading 0 native plugins for Editor in 0.00 ms.
Invoked RoslynAnalysisRunner static constructor.
RoslynAnalysisRunner will not be running.
RoslynAnalysisRunner has terminated.
Mono: successfully reloaded assembly
- Completed reload, in  1.010 seconds
Platform modules already initialized, skipping
Registering precompiled user dll's ...
Registered in 0.000686 seconds.
Begin MonoManager ReloadAssembly
Native extension for WindowsStandalone target not found
Native extension for WebGL target not found
Refreshing native plugins compatible for Editor in 0.21 ms, found 0 plugins.
Preloading 0 native plugins for Editor in 0.00 ms.
Invoked RoslynAnalysisRunner static constructor.
RoslynAnalysisRunner will not be running.
RoslynAnalysisRunner has terminated.
Mono: successfully reloaded assembly
- Completed reload, in  0.823 seconds
Platform modules already initialized, skipping
========================================================================
Worker process is ready to serve import requests
Launched and connected shader compiler UnityShaderCompiler.exe after 0.06 seconds
Refreshing native plugins compatible for Editor in 0.21 ms, found 0 plugins.
Preloading 0 native plugins for Editor in 0.00 ms.
Unloading 1173 Unused Serialized files (Serialized files now loaded: 0)
System memory in use before: 58.9 MB.
System memory in use after: 59.0 MB.

Unloading 13 unused Assets to reduce memory usage. Loaded Objects now: 1619.
Total: 1.739800 ms (FindLiveObjects: 0.125900 ms CreateObjectMapping: 0.040500 ms MarkObjects: 1.525700 ms  DeleteObjects: 0.046900 ms)

========================================================================
Received Import Request.
  path: Assets/Materials/Worker.mat
  artifactKey: Guid(87265f2c7c4331f44aec507511fa653b) Importer(815301076,1909f56bfc062723c751e8b465ee728b)
Start importing Assets/Materials/Worker.mat using Guid(87265f2c7c4331f44aec507511fa653b) Importer(815301076,1909f56bfc062723c751e8b465ee728b)  -> (artifact id: '356504e7981a89c2bb3f4399f1249537') in 0.183034 seconds
  Import took 0.185648 seconds .

========================================================================
Received Import Request.
  Time since last request: 0.443837 seconds.
  path: Assets/Materials/Worker.mat
  artifactKey: Guid(87265f2c7c4331f44aec507511fa653b) Importer(815301076,1909f56bfc062723c751e8b465ee728b)
Start importing Assets/Materials/Worker.mat using Guid(87265f2c7c4331f44aec507511fa653b) Importer(815301076,1909f56bfc062723c751e8b465ee728b)  -> (artifact id: '356504e7981a89c2bb3f4399f1249537') in 0.018700 seconds
  Import took 0.021391 seconds .

========================================================================
Received Import Request.
  Time since last request: 2.570771 seconds.
  path: Assets/Materials/Wood.mat
  artifactKey: Guid(144320211f275144486935d330ad09a4) Importer(815301076,1909f56bfc062723c751e8b465ee728b)
Start importing Assets/Materials/Wood.mat using Guid(144320211f275144486935d330ad09a4) Importer(815301076,1909f56bfc062723c751e8b465ee728b)  -> (artifact id: 'fc9c0d3b726a6b887578ec583254c51e') in 0.018124 seconds
  Import took 0.020973 seconds .

========================================================================
Received Import Request.
  Time since last request: 2.791678 seconds.
  path: Assets/Sprites/woodTile.png
  artifactKey: Guid(0bef12c65ae69f04185c30d12e072eeb) Importer(815301076,1909f56bfc062723c751e8b465ee728b)
Start importing Assets/Sprites/woodTile.png using Guid(0bef12c65ae69f04185c30d12e072eeb) Importer(815301076,1909f56bfc062723c751e8b465ee728b)  -> (artifact id: 'b93c32363d2df98d9fe08e0ae3de8c6b') in 0.048036 seconds
  Import took 0.050784 seconds .

========================================================================
Received Import Request.
  Time since last request: 0.004647 seconds.
  path: Assets/Sprites/woodTile.png
  artifactKey: Guid(0bef12c65ae69f04185c30d12e072eeb) Importer(815301076,1909f56bfc062723c751e8b465ee728b)
Start importing Assets/Sprites/woodTile.png using Guid(0bef12c65ae69f04185c30d12e072eeb) Importer(815301076,1909f56bfc062723c751e8b465ee728b)  -> (artifact id: 'b93c32363d2df98d9fe08e0ae3de8c6b') in 0.007909 seconds
  Import took 0.010317 seconds .

========================================================================
Received Import Request.
  Time since last request: 114.898043 seconds.
  path: Assets/Prefabs/Water.prefab
  artifactKey: Guid(e4d5e283330323a40b96792e75b24d40) Importer(815301076,1909f56bfc062723c751e8b465ee728b)
Start importing Assets/Prefabs/Water.prefab using Guid(e4d5e283330323a40b96792e75b24d40) Importer(815301076,1909f56bfc062723c751e8b465ee728b)  -> (artifact id: '524e8e94935e65010a0f387fa6efe3fd') in 0.041128 seconds
  Import took 0.043860 seconds .

========================================================================
Received Prepare
Registering precompiled user dll's ...
Registered in 0.000647 seconds.
Begin MonoManager ReloadAssembly
Native extension for WindowsStandalone target not found
Native extension for WebGL target not found
Refreshing native plugins compatible for Editor in 0.30 ms, found 0 plugins.
Preloading 0 native plugins for Editor in 0.00 ms.
Invoked RoslynAnalysisRunner static constructor.
RoslynAnalysisRunner will not be running.
RoslynAnalysisRunner has terminated.
Mono: successfully reloaded assembly
- Completed reload, in  0.811 seconds
Platform modules already initialized, skipping
Refreshing native plugins compatible for Editor in 0.21 ms, found 0 plugins.
Preloading 0 native plugins for Editor in 0.00 ms.
Unloading 1168 Unused Serialized files (Serialized files now loaded: 0)
System memory in use before: 62.4 MB.
System memory in use after: 62.5 MB.

Unloading 5 unused Assets to reduce memory usage. Loaded Objects now: 1664.
Total: 1.679700 ms (FindLiveObjects: 0.128200 ms CreateObjectMapping: 0.032900 ms MarkObjects: 1.480300 ms  DeleteObjects: 0.037400 ms)

========================================================================
Received Prepare
Registering precompiled user dll's ...
Registered in 0.000658 seconds.
Begin MonoManager ReloadAssembly
Native extension for WindowsStandalone target not found
Native extension for WebGL target not found
Refreshing native plugins compatible for Editor in 0.20 ms, found 0 plugins.
Preloading 0 native plugins for Editor in 0.00 ms.
Invoked RoslynAnalysisRunner static constructor.
RoslynAnalysisRunner will not be running.
RoslynAnalysisRunner has terminated.
Mono: successfully reloaded assembly
- Completed reload, in  0.746 seconds
Platform modules already initialized, skipping
Refreshing native plugins compatible for Editor in 0.22 ms, found 0 plugins.
Preloading 0 native plugins for Editor in 0.00 ms.
Unloading 1168 Unused Serialized files (Serialized files now loaded: 0)
System memory in use before: 62.6 MB.
System memory in use after: 62.7 MB.

Unloading 5 unused Assets to reduce memory usage. Loaded Objects now: 1666.
Total: 1.705500 ms (FindLiveObjects: 0.138900 ms CreateObjectMapping: 0.039900 ms MarkObjects: 1.487600 ms  DeleteObjects: 0.038100 ms)

========================================================================
Received Import Request.
  Time since last request: 246.627352 seconds.
  path: Assets/Resources/CurrentInput.txt
  artifactKey: Guid(369cae81631a61f408d2cd3839c4d471) Importer(815301076,1909f56bfc062723c751e8b465ee728b)
Start importing Assets/Resources/CurrentInput.txt using Guid(369cae81631a61f408d2cd3839c4d471) Importer(815301076,1909f56bfc062723c751e8b465ee728b)  -> (artifact id: '615d7e88e61ef7686683d8519dd79eb3') in 0.022966 seconds
  Import took 0.024852 seconds .

========================================================================
Received Prepare
Registering precompiled user dll's ...
Registered in 0.000699 seconds.
Begin MonoManager ReloadAssembly
Native extension for WindowsStandalone target not found
Native extension for WebGL target not found
Refreshing native plugins compatible for Editor in 0.31 ms, found 0 plugins.
Preloading 0 native plugins for Editor in 0.00 ms.
Invoked RoslynAnalysisRunner static constructor.
RoslynAnalysisRunner will not be running.
RoslynAnalysisRunner has terminated.
Mono: successfully reloaded assembly
- Completed reload, in  0.799 seconds
Platform modules already initialized, skipping
Refreshing native plugins compatible for Editor in 0.20 ms, found 0 plugins.
Preloading 0 native plugins for Editor in 0.00 ms.
Unloading 1168 Unused Serialized files (Serialized files now loaded: 0)
System memory in use before: 62.8 MB.
System memory in use after: 62.9 MB.

Unloading 5 unused Assets to reduce memory usage. Loaded Objects now: 1668.
Total: 1.845900 ms (FindLiveObjects: 0.143500 ms CreateObjectMapping: 0.051400 ms MarkObjects: 1.611300 ms  DeleteObjects: 0.038500 ms)

========================================================================
Received Prepare
Registering precompiled user dll's ...
Registered in 0.000688 seconds.
Begin MonoManager ReloadAssembly
Native extension for WindowsStandalone target not found
Native extension for WebGL target not found
Refreshing native plugins compatible for Editor in 0.20 ms, found 0 plugins.
Preloading 0 native plugins for Editor in 0.00 ms.
Invoked RoslynAnalysisRunner static constructor.
RoslynAnalysisRunner will not be running.
RoslynAnalysisRunner has terminated.
Mono: successfully reloaded assembly
- Completed reload, in  0.799 seconds
Platform modules already initialized, skipping
Refreshing native plugins compatible for Editor in 0.24 ms, found 0 plugins.
Preloading 0 native plugins for Editor in 0.00 ms.
Unloading 1168 Unused Serialized files (Serialized files now loaded: 0)
System memory in use before: 63.0 MB.
System memory in use after: 63.1 MB.

Unloading 5 unused Assets to reduce memory usage. Loaded Objects now: 1670.
Total: 2.067300 ms (FindLiveObjects: 0.142200 ms CreateObjectMapping: 0.051600 ms MarkObjects: 1.829300 ms  DeleteObjects: 0.042700 ms)

========================================================================
Received Prepare
Registering precompiled user dll's ...
Registered in 0.001194 seconds.
Begin MonoManager ReloadAssembly
Native extension for WindowsStandalone target not found
Native extension for WebGL target not found
Refreshing native plugins compatible for Editor in 0.26 ms, found 0 plugins.
Preloading 0 native plugins for Editor in 0.00 ms.
Invoked RoslynAnalysisRunner static constructor.
RoslynAnalysisRunner will not be running.
RoslynAnalysisRunner has terminated.
Mono: successfully reloaded assembly
- Completed reload, in  0.864 seconds
Platform modules already initialized, skipping
Refreshing native plugins compatible for Editor in 0.22 ms, found 0 plugins.
Preloading 0 native plugins for Editor in 0.00 ms.
Unloading 1168 Unused Serialized files (Serialized files now loaded: 0)
System memory in use before: 63.1 MB.
System memory in use after: 63.2 MB.

Unloading 5 unused Assets to reduce memory usage. Loaded Objects now: 1672.
Total: 2.008100 ms (FindLiveObjects: 0.155700 ms CreateObjectMapping: 0.037200 ms MarkObjects: 1.770100 ms  DeleteObjects: 0.043900 ms)

AssetImportWorkerClient::OnTransportError - code=2 error=End of file
